#
# There is insufficient memory for the Java Runtime Environment to continue.
# Native memory allocation (malloc) failed to allocate 32744 bytes for ChunkPool::allocate
# Possible reasons:
#   The system is out of physical RAM or swap space
#   The process is running with CompressedOops enabled, and the Java Heap may be blocking the growth of the native heap
# Possible solutions:
#   Reduce memory load on the system
#   Increase physical memory or swap space
#   Check if swap backing store is full
#   Decrease Java heap size (-Xmx/-Xms)
#   Decrease number of Java threads
#   Decrease Java thread stack sizes (-Xss)
#   Set larger code cache with -XX:ReservedCodeCacheSize=
#   JVM is running with Unscaled Compressed Oops mode in which the Java heap is
#     placed in the first 4GB address space. The Java Heap base address is the
#     maximum limit for the native heap growth. Please use -XX:HeapBaseMinAddress
#     to set the Java Heap base and to place the Java Heap above 4GB virtual address.
# This output file may be truncated or incomplete.
#
#  Out of Memory Error (allocation.cpp:273), pid=56804, tid=0x000000000000f150
#
# JRE version: Java(TM) SE Runtime Environment (8.0_201-b09) (build 1.8.0_201-b09)
# Java VM: Java HotSpot(TM) 64-Bit Server VM (25.201-b09 mixed mode windows-amd64 compressed oops)
# Failed to write core dump. Minidumps are not enabled by default on client versions of Windows
#

---------------  T H R E A D  ---------------

Current thread (0x0000000019e60000):  JavaThread "C1 CompilerThread3" daemon [_thread_in_native, id=61776, stack(0x000000001aa30000,0x000000001ab30000)]

Stack: [0x000000001aa30000,0x000000001ab30000]
[error occurred during error reporting (printing stack bounds), id 0xc0000005]

Native frames: (J=compiled Java code, j=interpreted, Vv=VM code, C=native code)


Current CompileTask:
C1:    273  322       3       org.apache.jasper.compiler.Generator$GenerateVisitor::visit (1084 bytes)


---------------  P R O C E S S  ---------------

Java Threads: ( => current thread )
  0x0000000002fc3800 JavaThread "DestroyJavaVM" [_thread_blocked, id=65068, stack(0x0000000002e50000,0x0000000002f50000)]
  0x0000000019ee9000 JavaThread "Service Thread" daemon [_thread_blocked, id=64420, stack(0x000000001ab30000,0x000000001ac30000)]
=>0x0000000019e60000 JavaThread "C1 CompilerThread3" daemon [_thread_in_native, id=61776, stack(0x000000001aa30000,0x000000001ab30000)]
  0x0000000019e5d000 JavaThread "C2 CompilerThread2" daemon [_thread_blocked, id=12328, stack(0x000000001a930000,0x000000001aa30000)]
  0x0000000019e5b800 JavaThread "C2 CompilerThread1" daemon [_thread_blocked, id=66836, stack(0x000000001a830000,0x000000001a930000)]
  0x0000000019e57800 JavaThread "C2 CompilerThread0" daemon [_thread_blocked, id=66124, stack(0x000000001a730000,0x000000001a830000)]
  0x0000000019e51800 JavaThread "Attach Listener" daemon [_thread_blocked, id=62796, stack(0x000000001a630000,0x000000001a730000)]
  0x0000000019e50800 JavaThread "Signal Dispatcher" daemon [_thread_blocked, id=67448, stack(0x000000001a530000,0x000000001a630000)]
  0x0000000019e41800 JavaThread "Finalizer" daemon [_thread_blocked, id=67280, stack(0x000000001a320000,0x000000001a420000)]
  0x0000000019e40800 JavaThread "Reference Handler" daemon [_thread_blocked, id=54176, stack(0x000000001a220000,0x000000001a320000)]

Other Threads:
  0x0000000018039800 VMThread [stack: 0x0000000019d20000,0x0000000019e20000] [id=14540]
  0x0000000019f0a800 WatcherThread [stack: 0x000000001ac30000,0x000000001ad30000] [id=45540]

VM state:not at safepoint (normal execution)

VM Mutex/Monitor currently owned by a thread: None

heap address: 0x0000000081c00000, size: 2020 MB, Compressed Oops mode: 32-bit
Narrow klass base: 0x0000000000000000, Narrow klass shift: 3
Compressed class space size: 1073741824 Address: 0x0000000100000000

Heap:
 PSYoungGen      total 38400K, used 12724K [0x00000000d5f00000, 0x00000000d8980000, 0x0000000100000000)
  eden space 33280K, 38% used [0x00000000d5f00000,0x00000000d6b6d380,0x00000000d7f80000)
  from space 5120K, 0% used [0x00000000d8480000,0x00000000d8480000,0x00000000d8980000)
  to   space 5120K, 0% used [0x00000000d7f80000,0x00000000d7f80000,0x00000000d8480000)
 ParOldGen       total 87552K, used 0K [0x0000000081c00000, 0x0000000087180000, 0x00000000d5f00000)
  object space 87552K, 0% used [0x0000000081c00000,0x0000000081c00000,0x0000000087180000)
 Metaspace       used 5068K, capacity 5762K, committed 6016K, reserved 1056768K
  class space    used 537K, capacity 562K, committed 640K, reserved 1048576K

Card table byte_map: [0x0000000012480000,0x0000000012880000] byte_map_base: 0x0000000012072000

Marking Bits: (ParMarkBitMap*) 0x0000000052fe4ce0
 Begin Bits: [0x0000000013330000, 0x00000000152c0000)
 End Bits:   [0x00000000152c0000, 0x0000000017250000)

Polling page: 0x0000000001150000

CodeCache: size=245760Kb used=1739Kb max_used=1751Kb free=244020Kb
 bounds [0x00000000030c0000, 0x0000000003330000, 0x00000000120c0000]
 total_blobs=588 nmethods=320 adapters=181
 compilation: enabled

Compilation events (10 events):
Event: 0.246 Thread 0x0000000019e60000  316   !   3       java.io.CharArrayWriter::write (86 bytes)
Event: 0.246 Thread 0x0000000019e60000 nmethod 316 0x0000000003271d10 code [0x0000000003271ec0, 0x0000000003272678]
Event: 0.246 Thread 0x0000000019e60000  318       3       java.io.PrintWriter::print (13 bytes)
Event: 0.246 Thread 0x0000000019e5d000  321       4       java.lang.String::getChars (62 bytes)
Event: 0.246 Thread 0x0000000019e60000 nmethod 318 0x0000000003271690 code [0x0000000003271820, 0x0000000003271b68]
Event: 0.246 Thread 0x0000000019e60000  319       3       java.io.PrintWriter::write (11 bytes)
Event: 0.246 Thread 0x0000000019e60000 nmethod 319 0x0000000003271150 code [0x00000000032712c0, 0x0000000003271548]
Event: 0.246 Thread 0x0000000019e60000  322       3       org.apache.jasper.compiler.Generator$GenerateVisitor::visit (1084 bytes)
Event: 0.247 Thread 0x0000000019e5d000 nmethod 321 0x0000000003270b10 code [0x0000000003270c60, 0x0000000003270dd8]
Event: 0.248 Thread 0x0000000019e5b800 nmethod 317 0x0000000003274950 code [0x0000000003274aa0, 0x0000000003274e18]

GC Heap History (0 events):
No events

Deoptimization events (2 events):
Event: 0.161 Thread 0x0000000002fc3800 Uncommon trap: reason=unstable_if action=reinterpret pc=0x0000000003210410 method=sun.text.normalizer.Trie.getCodePointOffset(I)I @ 9
Event: 0.162 Thread 0x0000000002fc3800 Uncommon trap: reason=unstable_if action=reinterpret pc=0x0000000003215874 method=sun.text.normalizer.Trie.getCodePointOffset(I)I @ 9

Classes redefined (0 events):
No events

Internal exceptions (8 events):
Event: 0.035 Thread 0x0000000002fc3800 Exception <a 'java/lang/NoSuchMethodError': Method sun.misc.Unsafe.defineClass(Ljava/lang/String;[BII)Ljava/lang/Class; name or signature does not match> (0x00000000d5f07cb0) thrown at [C:\re\workspace\8-2-build-windows-amd64-cygwin\jdk8u201\12322\hotspot
Event: 0.035 Thread 0x0000000002fc3800 Exception <a 'java/lang/NoSuchMethodError': Method sun.misc.Unsafe.prefetchRead(Ljava/lang/Object;J)V name or signature does not match> (0x00000000d5f07f98) thrown at [C:\re\workspace\8-2-build-windows-amd64-cygwin\jdk8u201\12322\hotspot\src\share\vm\prim
Event: 0.117 Thread 0x0000000002fc3800 Exception <a 'java/io/FileNotFoundException'> (0x00000000d609f858) thrown at [C:\re\workspace\8-2-build-windows-amd64-cygwin\jdk8u201\12322\hotspot\src\share\vm\prims\jni.cpp, line 709]
Event: 0.143 Thread 0x0000000002fc3800 Exception <a 'java/security/PrivilegedActionException'> (0x00000000d6162578) thrown at [C:\re\workspace\8-2-build-windows-amd64-cygwin\jdk8u201\12322\hotspot\src\share\vm\prims\jvm.cpp, line 1502]
Event: 0.143 Thread 0x0000000002fc3800 Exception <a 'java/security/PrivilegedActionException'> (0x00000000d6162970) thrown at [C:\re\workspace\8-2-build-windows-amd64-cygwin\jdk8u201\12322\hotspot\src\share\vm\prims\jvm.cpp, line 1502]
Event: 0.144 Thread 0x0000000002fc3800 Exception <a 'java/security/PrivilegedActionException'> (0x00000000d6166a68) thrown at [C:\re\workspace\8-2-build-windows-amd64-cygwin\jdk8u201\12322\hotspot\src\share\vm\prims\jvm.cpp, line 1502]
Event: 0.144 Thread 0x0000000002fc3800 Exception <a 'java/security/PrivilegedActionException'> (0x00000000d6166e60) thrown at [C:\re\workspace\8-2-build-windows-amd64-cygwin\jdk8u201\12322\hotspot\src\share\vm\prims\jvm.cpp, line 1502]
Event: 0.239 Thread 0x0000000002fc3800 Exception <a 'java/io/FileNotFoundException'> (0x00000000d68ce090) thrown at [C:\re\workspace\8-2-build-windows-amd64-cygwin\jdk8u201\12322\hotspot\src\share\vm\prims\jni.cpp, line 709]

Events (10 events):
Event: 0.245 loading class org/apache/jasper/compiler/Generator$GenerateVisitor$1ParamVisitor
Event: 0.245 loading class org/apache/jasper/compiler/Generator$GenerateVisitor$1ParamVisitor done
Event: 0.246 loading class org/apache/jasper/compiler/SmapStratum
Event: 0.246 loading class org/apache/jasper/compiler/SmapStratum done
Event: 0.247 loading class org/apache/jasper/compiler/SmapUtil$ClassInfo
Event: 0.247 loading class org/apache/jasper/compiler/SmapUtil$ClassInfo done
Event: 0.247 loading class org/apache/jasper/compiler/SmapStratum$LineInfo
Event: 0.247 loading class org/apache/jasper/compiler/SmapStratum$LineInfo done
Event: 0.248 loading class org/apache/jasper/compiler/SmapGenerator
Event: 0.248 loading class org/apache/jasper/compiler/SmapGenerator done


Dynamic libraries:
0x00007ff628390000 - 0x00007ff6283c7000 	C:\Program Files\Java\jdk1.8.0_201\jre\bin\java.exe
0x00007ffc50ec0000 - 0x00007ffc510a1000 	C:\WINDOWS\SYSTEM32\ntdll.dll
0x00007ffc4fe40000 - 0x00007ffc4fef1000 	C:\WINDOWS\System32\KERNEL32.DLL
0x00007ffc4dbe0000 - 0x00007ffc4de53000 	C:\WINDOWS\System32\KERNELBASE.dll
0x00007ffc504f0000 - 0x00007ffc50591000 	C:\WINDOWS\System32\ADVAPI32.dll
0x00007ffc507f0000 - 0x00007ffc5088e000 	C:\WINDOWS\System32\msvcrt.dll
0x00007ffc50890000 - 0x00007ffc508eb000 	C:\WINDOWS\System32\sechost.dll
0x00007ffc509c0000 - 0x00007ffc50ae4000 	C:\WINDOWS\System32\RPCRT4.dll
0x00007ffc50270000 - 0x00007ffc50400000 	C:\WINDOWS\System32\USER32.dll
0x00007ffc4e050000 - 0x00007ffc4e070000 	C:\WINDOWS\System32\win32u.dll
0x00007ffc50120000 - 0x00007ffc50148000 	C:\WINDOWS\System32\GDI32.dll
0x00007ffc4d280000 - 0x00007ffc4d411000 	C:\WINDOWS\System32\gdi32full.dll
0x00007ffc4e170000 - 0x00007ffc4e20f000 	C:\WINDOWS\System32\msvcp_win.dll
0x00007ffc4e070000 - 0x00007ffc4e168000 	C:\WINDOWS\System32\ucrtbase.dll
0x00007ffc3d6f0000 - 0x00007ffc3d959000 	C:\WINDOWS\WinSxS\amd64_microsoft.windows.common-controls_6595b64144ccf1df_6.0.17134.1304_none_d3fbe61b7c93d9f0\COMCTL32.dll
0x00007ffc50af0000 - 0x00007ffc50e11000 	C:\WINDOWS\System32\combase.dll
0x00007ffc4e260000 - 0x00007ffc4e2d9000 	C:\WINDOWS\System32\bcryptPrimitives.dll
0x00007ffc4fbe0000 - 0x00007ffc4fc0d000 	C:\WINDOWS\System32\IMM32.DLL
0x00007ffc47650000 - 0x00007ffc47701000 	C:\Program Files\McAfee\Endpoint Security\Threat Prevention\Ips\EpMPApi.dll
0x00007ffc4e2e0000 - 0x00007ffc4e337000 	C:\WINDOWS\System32\WINTRUST.dll
0x00007ffc4d230000 - 0x00007ffc4d242000 	C:\WINDOWS\System32\MSASN1.dll
0x00007ffc4de60000 - 0x00007ffc4e042000 	C:\WINDOWS\System32\CRYPT32.dll
0x0000000054da0000 - 0x0000000054dac000 	C:\Program Files\McAfee\Endpoint Security\Threat Prevention\Ips\EpMPThe.dll
0x00007ffc3f130000 - 0x00007ffc3f188000 	C:\Program Files\McAfee\Endpoint Security\Threat Prevention\Ips\HIPHandlers64.dll
0x00007ffc4fc10000 - 0x00007ffc4fc61000 	C:\WINDOWS\System32\SHLWAPI.dll
0x00007ffc3cc10000 - 0x00007ffc3cdd9000 	C:\WINDOWS\SYSTEM32\dbghelp.dll
0x00000000542b0000 - 0x0000000054381000 	C:\Program Files\Java\jdk1.8.0_201\jre\bin\msvcr100.dll
0x00000000527c0000 - 0x0000000053064000 	C:\Program Files\Java\jdk1.8.0_201\jre\bin\server\jvm.dll
0x00007ffc4ff00000 - 0x00007ffc4ff08000 	C:\WINDOWS\System32\PSAPI.DLL
0x00007ffc45b10000 - 0x00007ffc45b19000 	C:\WINDOWS\SYSTEM32\WSOCK32.dll
0x00007ffc3dfa0000 - 0x00007ffc3dfaa000 	C:\WINDOWS\SYSTEM32\VERSION.dll
0x00007ffc4b1f0000 - 0x00007ffc4b213000 	C:\WINDOWS\SYSTEM32\WINMM.dll
0x00007ffc50780000 - 0x00007ffc507ec000 	C:\WINDOWS\System32\WS2_32.dll
0x00007ffc4b1c0000 - 0x00007ffc4b1ea000 	C:\WINDOWS\SYSTEM32\winmmbase.dll
0x00007ffc4e210000 - 0x00007ffc4e259000 	C:\WINDOWS\System32\cfgmgr32.dll
0x00007ffc4af60000 - 0x00007ffc4af6f000 	C:\Program Files\Java\jdk1.8.0_201\jre\bin\verify.dll
0x00007ffc4aea0000 - 0x00007ffc4aec9000 	C:\Program Files\Java\jdk1.8.0_201\jre\bin\java.dll
0x00007ffc4ae30000 - 0x00007ffc4ae46000 	C:\Program Files\Java\jdk1.8.0_201\jre\bin\zip.dll
0x00007ffc4e340000 - 0x00007ffc4f785000 	C:\WINDOWS\System32\SHELL32.dll
0x00007ffc50070000 - 0x00007ffc50119000 	C:\WINDOWS\System32\shcore.dll
0x00007ffc4d4d0000 - 0x00007ffc4dbe0000 	C:\WINDOWS\System32\windows.storage.dll
0x00007ffc4d260000 - 0x00007ffc4d271000 	C:\WINDOWS\System32\kernel.appcore.dll
0x00007ffc4d1c0000 - 0x00007ffc4d1df000 	C:\WINDOWS\System32\profapi.dll
0x00007ffc4d1e0000 - 0x00007ffc4d22c000 	C:\WINDOWS\System32\powrprof.dll
0x00007ffc4d250000 - 0x00007ffc4d25a000 	C:\WINDOWS\System32\FLTLIB.DLL

VM Arguments:
java_command: org.netbeans.modules.web.project.ant.JspCSingle -uriroot C:\Users\jvaldes\Documents\Cbolivarleads_V1\build\web -d C:\Users\jvaldes\Documents\Cbolivarleads_V1\build\generated\src -die1 -schemas /resources/schemas/ -dtds /resources/dtds/ -sysClasspath C:\Program Files\NetBeans 8.0.1\extide\ant\lib\ant.jar;C:\Program Files\NetBeans 8.0.1\enterprise\modules\ext\servlet3.1-jsp2.3-api.jar;C:\Program Files\NetBeans 8.0.1\enterprise\modules\ext\glassfish-jspparser-4.0.jar;C:\Program Files\NetBeans 8.0.1\enterprise\modules\ext\jstl-impl.jar;C:\Program Files\NetBeans 8.0.1\enterprise\modules\ext\jsf-2_2\javax.faces.jar -jspc.files C:\Users\jvaldes\Documents\Cbolivarleads_V1\build\web\Indice.jsp -compilerSourceVM 1.8 -compilerTargetVM 1.8 -javaEncoding UTF-8
java_class_path (initial): C:\Program Files\Java\jdk1.8.0_201\lib\tools.jar;C:\Program Files\NetBeans 8.0.1\enterprise\ant\extra\jspcompile.jar;C:\Program Files\NetBeans 8.0.1\extide\ant\lib\ant.jar;C:\Program Files\NetBeans 8.0.1\enterprise\modules\ext\servlet3.1-jsp2.3-api.jar;C:\Program Files\NetBeans 8.0.1\enterprise\modules\ext\glassfish-jspparser-4.0.jar;C:\Program Files\NetBeans 8.0.1\enterprise\modules\ext\jsf-2_2\javax.faces.jar;C:\Program Files\NetBeans 8.0.1\enterprise\modules\ext\jstl-api.jar;C:\Program Files\NetBeans 8.0.1\extide\ant\lib\ant-launcher.jar
Launcher Type: SUN_STANDARD

Environment Variables:
JAVA_HOME=C:\Program Files\Java\jdk1.8.0_201
PATH=C:\Program Files (x86)\Common Files\Oracle\Java\javapath;C:\ProgramData\Oracle\Java\javapath;C:\Program Files (x86)\Intel\Intel(R) Management Engine Components\iCLS\;C:\Program Files\Intel\Intel(R) Management Engine Components\iCLS\;C:\WINDOWS\system32;C:\WINDOWS;C:\WINDOWS\System32\Wbem;C:\WINDOWS\System32\WindowsPowerShell\v1.0\;C:\Program Files (x86)\Intel\Intel(R) Management Engine Components\DAL;C:\Program Files\Intel\Intel(R) Management Engine Components\DAL;C:\Program Files (x86)\Intel\Intel(R) Management Engine Components\IPT;C:\Program Files\Intel\Intel(R) Management Engine Components\IPT;C:\Program Files (x86)\Interactive Intelligence\;C:\Program Files (x86)\WinSCP\;C:\Program Files\PuTTY\;C:\Program Files (x86)\Deskshare\My Screen Recorder Pro 5\;C:\Program Files\MySQL\MySQL Utilities 1.6\;C:\Program Files\Git\cmd;C:\Program Files\Java\jdk1.8.0_201\bin;C:\Users\jvaldes\AppData\Local\Android\sdk\tools;C:\Users\jvaldes\AppData\Local\Android\sdk\build-tools;C:\Users\jvaldes\AppData\Local\Android\sdk\platform-tools;C:\ProgramData\ComposerSetup\bin;C:\Program Files\dotnet\;C:\Program Files\Microsoft SQL Server\130\Tools\Binn\;C:\Program Files\Microsoft SQL Server\Client SDK\ODBC\170\Tools\Binn\;C:\Program Files (x86)\Microsoft SQL Server\150\DTS\Binn\;C:\Program Files\TortoiseSVN\bin;C:\WINDOWS\System32\OpenSSH\;PORTAL;LOG_PATH;C:\Program Files\Symfony;C:\laragon\bin\php\php-7.2.11-Win32-VC15-x64;C:\Python27;C:\Python27\Scripts;C:\Program Files\nodejs\;C:\Users\jvaldes\AppData\Local\Microsoft\WindowsApps;C:\Users\jvaldes\AppData\Roaming\Composer\vendor\bin;C:\Program Files\MySQL\MySQL Server 8.0\bin;C:\Users\jvaldes\AppData\Local\Programs\Microsoft VS Code\bin;C:\Users\jvaldes\AppData\Roaming\npm
USERNAME=jvaldes
OS=Windows_NT
PROCESSOR_IDENTIFIER=Intel64 Family 6 Model 158 Stepping 9, GenuineIntel



---------------  S Y S T E M  ---------------

OS: Windows 10.0 , 64 bit Build 17134 (10.0.17134.753)

CPU:total 8 (initial active 8) (4 cores per cpu, 2 threads per core) family 6 model 158 stepping 9, cmov, cx8, fxsr, mmx, sse, sse2, sse3, ssse3, sse4.1, sse4.2, popcnt, avx, avx2, aes, clmul, erms, rtm, 3dnowpref, lzcnt, ht, tsc, tscinvbit, bmi1, bmi2, adx

Memory: 4k page, physical 8269692k(1059616k free), swap 33435516k(3048k free)

vm_info: Java HotSpot(TM) 64-Bit Server VM (25.201-b09) for windows-amd64 JRE (1.8.0_201-b09), built on Dec 15 2018 18:36:39 by "java_re" with MS VC++ 10.0 (VS2010)

time: Mon Jul 18 15:50:21 2022
timezone: Hora est. Pacífico, Sudamérica
elapsed time: 0 seconds (0d 0h 0m 0s)

